2020-03-30 10:39:31 [ ERROR ] [ Main.java :92(main)]  [DUBBO] Unable to connect to zkserver:2181, dubbo version: 2.5.6, current host: 127.0.0.1
org.I0Itec.zkclient.exception.ZkException: Unable to connect to zkserver:2181
	at org.I0Itec.zkclient.ZkConnection.connect(ZkConnection.java:66)
	at org.I0Itec.zkclient.ZkClient.connect(ZkClient.java:872)
	at org.I0Itec.zkclient.ZkClient.<init>(ZkClient.java:98)
	at org.I0Itec.zkclient.ZkClient.<init>(ZkClient.java:92)
	at org.I0Itec.zkclient.ZkClient.<init>(ZkClient.java:76)
	at org.I0Itec.zkclient.ZkClient.<init>(ZkClient.java:72)
	at com.alibaba.dubbo.remoting.zookeeper.zkclient.ZkclientZookeeperClient.<init>(ZkclientZookeeperClient.java:25)
	at com.alibaba.dubbo.remoting.zookeeper.zkclient.ZkclientZookeeperTransporter.connect(ZkclientZookeeperTransporter.java:10)
	at com.alibaba.dubbo.remoting.zookeeper.ZookeeperTransporter$Adaptive.connect(ZookeeperTransporter$Adaptive.java)
	at com.alibaba.dubbo.registry.zookeeper.ZookeeperRegistry.<init>(ZookeeperRegistry.java:69)
	at com.alibaba.dubbo.registry.zookeeper.ZookeeperRegistryFactory.createRegistry(ZookeeperRegistryFactory.java:37)
	at com.alibaba.dubbo.registry.support.AbstractRegistryFactory.getRegistry(AbstractRegistryFactory.java:95)
	at com.alibaba.dubbo.registry.RegistryFactory$Adaptive.getRegistry(RegistryFactory$Adaptive.java)
	at com.alibaba.dubbo.registry.integration.RegistryProtocol.getRegistry(RegistryProtocol.java:201)
	at com.alibaba.dubbo.registry.integration.RegistryProtocol.export(RegistryProtocol.java:118)
	at com.alibaba.dubbo.rpc.protocol.ProtocolFilterWrapper.export(ProtocolFilterWrapper.java:92)
	at com.alibaba.dubbo.rpc.protocol.ProtocolListenerWrapper.export(ProtocolListenerWrapper.java:54)
	at com.alibaba.dubbo.rpc.Protocol$Adaptive.export(Protocol$Adaptive.java)
	at com.alibaba.dubbo.config.ServiceConfig.doExportUrlsFor1Protocol(ServiceConfig.java:550)
	at com.alibaba.dubbo.config.ServiceConfig.doExportUrls(ServiceConfig.java:346)
	at com.alibaba.dubbo.config.ServiceConfig.doExport(ServiceConfig.java:307)
	at com.alibaba.dubbo.config.ServiceConfig.export(ServiceConfig.java:206)
	at com.alibaba.dubbo.config.spring.ServiceBean.onApplicationEvent(ServiceBean.java:109)
	at org.springframework.context.event.SimpleApplicationEventMulticaster.doInvokeListener(SimpleApplicationEventMulticaster.java:172)
	at org.springframework.context.event.SimpleApplicationEventMulticaster.invokeListener(SimpleApplicationEventMulticaster.java:165)
	at org.springframework.context.event.SimpleApplicationEventMulticaster.multicastEvent(SimpleApplicationEventMulticaster.java:139)
	at org.springframework.context.support.AbstractApplicationContext.publishEvent(AbstractApplicationContext.java:393)
	at org.springframework.context.support.AbstractApplicationContext.publishEvent(AbstractApplicationContext.java:347)
	at org.springframework.context.support.AbstractApplicationContext.finishRefresh(AbstractApplicationContext.java:883)
	at org.springframework.context.support.AbstractApplicationContext.refresh(AbstractApplicationContext.java:546)
	at org.springframework.context.support.ClassPathXmlApplicationContext.<init>(ClassPathXmlApplicationContext.java:139)
	at org.springframework.context.support.ClassPathXmlApplicationContext.<init>(ClassPathXmlApplicationContext.java:93)
	at com.alibaba.dubbo.container.spring.SpringContainer.start(SpringContainer.java:46)
	at com.alibaba.dubbo.container.Main.main(Main.java:86)
	at com.zheng.upms.rpc.ZhengUpmsRpcServiceApplication.main(ZhengUpmsRpcServiceApplication.java:10)
Caused by: java.net.UnknownHostException: zkserver
	at java.net.InetAddress.getAllByName0(InetAddress.java:1280)
	at java.net.InetAddress.getAllByName(InetAddress.java:1192)
	at java.net.InetAddress.getAllByName(InetAddress.java:1126)
	at org.apache.zookeeper.ClientCnxn.<init>(ClientCnxn.java:386)
	at org.apache.zookeeper.ClientCnxn.<init>(ClientCnxn.java:331)
	at org.apache.zookeeper.ZooKeeper.<init>(ZooKeeper.java:377)
	at org.I0Itec.zkclient.ZkConnection.connect(ZkConnection.java:64)
	... 34 more
